Start testing: Apr 19 10:51 CEST
----------------------------------------------------------
1/44 Testing: Orders/ReferenceElementTest.WeightsSumToTwo/1
1/44 Test: Orders/ReferenceElementTest.WeightsSumToTwo/1
Command: "/home/j4s4/Documents/dgm/advection_1d/debug/tests/test_reference_element" "--gtest_filter=Orders/ReferenceElementTest.WeightsSumToTwo/0" "--gtest_also_run_disabled_tests"
Directory: /home/j4s4/Documents/dgm/advection_1d
"Orders/ReferenceElementTest.WeightsSumToTwo/1" start time: Apr 19 10:51 CEST
Output:
----------------------------------------------------------
Running main() from /home/j4s4/Documents/dgm/advection_1d/debug/_deps/googletest-src/googletest/src/gtest_main.cc
Note: Google Test filter = Orders/ReferenceElementTest.WeightsSumToTwo/0
[==========] Running 1 test from 1 test suite.
[----------] Global test environment set-up.
[----------] 1 test from Orders/ReferenceElementTest
[ RUN      ] Orders/ReferenceElementTest.WeightsSumToTwo/0
[       OK ] Orders/ReferenceElementTest.WeightsSumToTwo/0 (0 ms)
[----------] 1 test from Orders/ReferenceElementTest (0 ms total)

[----------] Global test environment tear-down
[==========] 1 test from 1 test suite ran. (0 ms total)
[  PASSED  ] 1 test.
<end of output>
Test time =   0.00 sec
----------------------------------------------------------
Test Passed.
"Orders/ReferenceElementTest.WeightsSumToTwo/1" end time: Apr 19 10:51 CEST
"Orders/ReferenceElementTest.WeightsSumToTwo/1" time elapsed: 00:00:00
----------------------------------------------------------

2/44 Testing: Orders/ReferenceElementTest.WeightsSumToTwo/2
2/44 Test: Orders/ReferenceElementTest.WeightsSumToTwo/2
Command: "/home/j4s4/Documents/dgm/advection_1d/debug/tests/test_reference_element" "--gtest_filter=Orders/ReferenceElementTest.WeightsSumToTwo/1" "--gtest_also_run_disabled_tests"
Directory: /home/j4s4/Documents/dgm/advection_1d
"Orders/ReferenceElementTest.WeightsSumToTwo/2" start time: Apr 19 10:51 CEST
Output:
----------------------------------------------------------
Running main() from /home/j4s4/Documents/dgm/advection_1d/debug/_deps/googletest-src/googletest/src/gtest_main.cc
Note: Google Test filter = Orders/ReferenceElementTest.WeightsSumToTwo/1
[==========] Running 1 test from 1 test suite.
[----------] Global test environment set-up.
[----------] 1 test from Orders/ReferenceElementTest
[ RUN      ] Orders/ReferenceElementTest.WeightsSumToTwo/1
[       OK ] Orders/ReferenceElementTest.WeightsSumToTwo/1 (0 ms)
[----------] 1 test from Orders/ReferenceElementTest (0 ms total)

[----------] Global test environment tear-down
[==========] 1 test from 1 test suite ran. (0 ms total)
[  PASSED  ] 1 test.
<end of output>
Test time =   0.00 sec
----------------------------------------------------------
Test Passed.
"Orders/ReferenceElementTest.WeightsSumToTwo/2" end time: Apr 19 10:51 CEST
"Orders/ReferenceElementTest.WeightsSumToTwo/2" time elapsed: 00:00:00
----------------------------------------------------------

3/44 Testing: Orders/ReferenceElementTest.WeightsSumToTwo/3
3/44 Test: Orders/ReferenceElementTest.WeightsSumToTwo/3
Command: "/home/j4s4/Documents/dgm/advection_1d/debug/tests/test_reference_element" "--gtest_filter=Orders/ReferenceElementTest.WeightsSumToTwo/2" "--gtest_also_run_disabled_tests"
Directory: /home/j4s4/Documents/dgm/advection_1d
"Orders/ReferenceElementTest.WeightsSumToTwo/3" start time: Apr 19 10:51 CEST
Output:
----------------------------------------------------------
Running main() from /home/j4s4/Documents/dgm/advection_1d/debug/_deps/googletest-src/googletest/src/gtest_main.cc
Note: Google Test filter = Orders/ReferenceElementTest.WeightsSumToTwo/2
[==========] Running 1 test from 1 test suite.
[----------] Global test environment set-up.
[----------] 1 test from Orders/ReferenceElementTest
[ RUN      ] Orders/ReferenceElementTest.WeightsSumToTwo/2
[       OK ] Orders/ReferenceElementTest.WeightsSumToTwo/2 (0 ms)
[----------] 1 test from Orders/ReferenceElementTest (0 ms total)

[----------] Global test environment tear-down
[==========] 1 test from 1 test suite ran. (0 ms total)
[  PASSED  ] 1 test.
<end of output>
Test time =   0.00 sec
----------------------------------------------------------
Test Passed.
"Orders/ReferenceElementTest.WeightsSumToTwo/3" end time: Apr 19 10:51 CEST
"Orders/ReferenceElementTest.WeightsSumToTwo/3" time elapsed: 00:00:00
----------------------------------------------------------

4/44 Testing: Orders/ReferenceElementTest.WeightsSumToTwo/4
4/44 Test: Orders/ReferenceElementTest.WeightsSumToTwo/4
Command: "/home/j4s4/Documents/dgm/advection_1d/debug/tests/test_reference_element" "--gtest_filter=Orders/ReferenceElementTest.WeightsSumToTwo/3" "--gtest_also_run_disabled_tests"
Directory: /home/j4s4/Documents/dgm/advection_1d
"Orders/ReferenceElementTest.WeightsSumToTwo/4" start time: Apr 19 10:51 CEST
Output:
----------------------------------------------------------
Running main() from /home/j4s4/Documents/dgm/advection_1d/debug/_deps/googletest-src/googletest/src/gtest_main.cc
Note: Google Test filter = Orders/ReferenceElementTest.WeightsSumToTwo/3
[==========] Running 1 test from 1 test suite.
[----------] Global test environment set-up.
[----------] 1 test from Orders/ReferenceElementTest
[ RUN      ] Orders/ReferenceElementTest.WeightsSumToTwo/3
[       OK ] Orders/ReferenceElementTest.WeightsSumToTwo/3 (0 ms)
[----------] 1 test from Orders/ReferenceElementTest (0 ms total)

[----------] Global test environment tear-down
[==========] 1 test from 1 test suite ran. (0 ms total)
[  PASSED  ] 1 test.
<end of output>
Test time =   0.00 sec
----------------------------------------------------------
Test Passed.
"Orders/ReferenceElementTest.WeightsSumToTwo/4" end time: Apr 19 10:51 CEST
"Orders/ReferenceElementTest.WeightsSumToTwo/4" time elapsed: 00:00:00
----------------------------------------------------------

5/44 Testing: Orders/ReferenceElementTest.WeightsSumToTwo/5
5/44 Test: Orders/ReferenceElementTest.WeightsSumToTwo/5
Command: "/home/j4s4/Documents/dgm/advection_1d/debug/tests/test_reference_element" "--gtest_filter=Orders/ReferenceElementTest.WeightsSumToTwo/4" "--gtest_also_run_disabled_tests"
Directory: /home/j4s4/Documents/dgm/advection_1d
"Orders/ReferenceElementTest.WeightsSumToTwo/5" start time: Apr 19 10:51 CEST
Output:
----------------------------------------------------------
Running main() from /home/j4s4/Documents/dgm/advection_1d/debug/_deps/googletest-src/googletest/src/gtest_main.cc
Note: Google Test filter = Orders/ReferenceElementTest.WeightsSumToTwo/4
[==========] Running 1 test from 1 test suite.
[----------] Global test environment set-up.
[----------] 1 test from Orders/ReferenceElementTest
[ RUN      ] Orders/ReferenceElementTest.WeightsSumToTwo/4
[       OK ] Orders/ReferenceElementTest.WeightsSumToTwo/4 (0 ms)
[----------] 1 test from Orders/ReferenceElementTest (0 ms total)

[----------] Global test environment tear-down
[==========] 1 test from 1 test suite ran. (0 ms total)
[  PASSED  ] 1 test.
<end of output>
Test time =   0.00 sec
----------------------------------------------------------
Test Passed.
"Orders/ReferenceElementTest.WeightsSumToTwo/5" end time: Apr 19 10:51 CEST
"Orders/ReferenceElementTest.WeightsSumToTwo/5" time elapsed: 00:00:00
----------------------------------------------------------

6/44 Testing: Orders/ReferenceElementTest.EndpointsArePlusMinusOne/1
6/44 Test: Orders/ReferenceElementTest.EndpointsArePlusMinusOne/1
Command: "/home/j4s4/Documents/dgm/advection_1d/debug/tests/test_reference_element" "--gtest_filter=Orders/ReferenceElementTest.EndpointsArePlusMinusOne/0" "--gtest_also_run_disabled_tests"
Directory: /home/j4s4/Documents/dgm/advection_1d
"Orders/ReferenceElementTest.EndpointsArePlusMinusOne/1" start time: Apr 19 10:51 CEST
Output:
----------------------------------------------------------
Running main() from /home/j4s4/Documents/dgm/advection_1d/debug/_deps/googletest-src/googletest/src/gtest_main.cc
Note: Google Test filter = Orders/ReferenceElementTest.EndpointsArePlusMinusOne/0
[==========] Running 1 test from 1 test suite.
[----------] Global test environment set-up.
[----------] 1 test from Orders/ReferenceElementTest
[ RUN      ] Orders/ReferenceElementTest.EndpointsArePlusMinusOne/0
[       OK ] Orders/ReferenceElementTest.EndpointsArePlusMinusOne/0 (0 ms)
[----------] 1 test from Orders/ReferenceElementTest (0 ms total)

[----------] Global test environment tear-down
[==========] 1 test from 1 test suite ran. (0 ms total)
[  PASSED  ] 1 test.
<end of output>
Test time =   0.00 sec
----------------------------------------------------------
Test Passed.
"Orders/ReferenceElementTest.EndpointsArePlusMinusOne/1" end time: Apr 19 10:51 CEST
"Orders/ReferenceElementTest.EndpointsArePlusMinusOne/1" time elapsed: 00:00:00
----------------------------------------------------------

7/44 Testing: Orders/ReferenceElementTest.EndpointsArePlusMinusOne/2
7/44 Test: Orders/ReferenceElementTest.EndpointsArePlusMinusOne/2
Command: "/home/j4s4/Documents/dgm/advection_1d/debug/tests/test_reference_element" "--gtest_filter=Orders/ReferenceElementTest.EndpointsArePlusMinusOne/1" "--gtest_also_run_disabled_tests"
Directory: /home/j4s4/Documents/dgm/advection_1d
"Orders/ReferenceElementTest.EndpointsArePlusMinusOne/2" start time: Apr 19 10:51 CEST
Output:
----------------------------------------------------------
Running main() from /home/j4s4/Documents/dgm/advection_1d/debug/_deps/googletest-src/googletest/src/gtest_main.cc
Note: Google Test filter = Orders/ReferenceElementTest.EndpointsArePlusMinusOne/1
[==========] Running 1 test from 1 test suite.
[----------] Global test environment set-up.
[----------] 1 test from Orders/ReferenceElementTest
[ RUN      ] Orders/ReferenceElementTest.EndpointsArePlusMinusOne/1
[       OK ] Orders/ReferenceElementTest.EndpointsArePlusMinusOne/1 (0 ms)
[----------] 1 test from Orders/ReferenceElementTest (0 ms total)

[----------] Global test environment tear-down
[==========] 1 test from 1 test suite ran. (0 ms total)
[  PASSED  ] 1 test.
<end of output>
Test time =   0.00 sec
----------------------------------------------------------
Test Passed.
"Orders/ReferenceElementTest.EndpointsArePlusMinusOne/2" end time: Apr 19 10:51 CEST
"Orders/ReferenceElementTest.EndpointsArePlusMinusOne/2" time elapsed: 00:00:00
----------------------------------------------------------

8/44 Testing: Orders/ReferenceElementTest.EndpointsArePlusMinusOne/3
8/44 Test: Orders/ReferenceElementTest.EndpointsArePlusMinusOne/3
Command: "/home/j4s4/Documents/dgm/advection_1d/debug/tests/test_reference_element" "--gtest_filter=Orders/ReferenceElementTest.EndpointsArePlusMinusOne/2" "--gtest_also_run_disabled_tests"
Directory: /home/j4s4/Documents/dgm/advection_1d
"Orders/ReferenceElementTest.EndpointsArePlusMinusOne/3" start time: Apr 19 10:51 CEST
Output:
----------------------------------------------------------
Running main() from /home/j4s4/Documents/dgm/advection_1d/debug/_deps/googletest-src/googletest/src/gtest_main.cc
Note: Google Test filter = Orders/ReferenceElementTest.EndpointsArePlusMinusOne/2
[==========] Running 1 test from 1 test suite.
[----------] Global test environment set-up.
[----------] 1 test from Orders/ReferenceElementTest
[ RUN      ] Orders/ReferenceElementTest.EndpointsArePlusMinusOne/2
[       OK ] Orders/ReferenceElementTest.EndpointsArePlusMinusOne/2 (0 ms)
[----------] 1 test from Orders/ReferenceElementTest (0 ms total)

[----------] Global test environment tear-down
[==========] 1 test from 1 test suite ran. (0 ms total)
[  PASSED  ] 1 test.
<end of output>
Test time =   0.00 sec
----------------------------------------------------------
Test Passed.
"Orders/ReferenceElementTest.EndpointsArePlusMinusOne/3" end time: Apr 19 10:51 CEST
"Orders/ReferenceElementTest.EndpointsArePlusMinusOne/3" time elapsed: 00:00:00
----------------------------------------------------------

9/44 Testing: Orders/ReferenceElementTest.EndpointsArePlusMinusOne/4
9/44 Test: Orders/ReferenceElementTest.EndpointsArePlusMinusOne/4
Command: "/home/j4s4/Documents/dgm/advection_1d/debug/tests/test_reference_element" "--gtest_filter=Orders/ReferenceElementTest.EndpointsArePlusMinusOne/3" "--gtest_also_run_disabled_tests"
Directory: /home/j4s4/Documents/dgm/advection_1d
"Orders/ReferenceElementTest.EndpointsArePlusMinusOne/4" start time: Apr 19 10:51 CEST
Output:
----------------------------------------------------------
Running main() from /home/j4s4/Documents/dgm/advection_1d/debug/_deps/googletest-src/googletest/src/gtest_main.cc
Note: Google Test filter = Orders/ReferenceElementTest.EndpointsArePlusMinusOne/3
[==========] Running 1 test from 1 test suite.
[----------] Global test environment set-up.
[----------] 1 test from Orders/ReferenceElementTest
[ RUN      ] Orders/ReferenceElementTest.EndpointsArePlusMinusOne/3
[       OK ] Orders/ReferenceElementTest.EndpointsArePlusMinusOne/3 (0 ms)
[----------] 1 test from Orders/ReferenceElementTest (0 ms total)

[----------] Global test environment tear-down
[==========] 1 test from 1 test suite ran. (0 ms total)
[  PASSED  ] 1 test.
<end of output>
Test time =   0.00 sec
----------------------------------------------------------
Test Passed.
"Orders/ReferenceElementTest.EndpointsArePlusMinusOne/4" end time: Apr 19 10:51 CEST
"Orders/ReferenceElementTest.EndpointsArePlusMinusOne/4" time elapsed: 00:00:00
----------------------------------------------------------

10/44 Testing: Orders/ReferenceElementTest.EndpointsArePlusMinusOne/5
10/44 Test: Orders/ReferenceElementTest.EndpointsArePlusMinusOne/5
Command: "/home/j4s4/Documents/dgm/advection_1d/debug/tests/test_reference_element" "--gtest_filter=Orders/ReferenceElementTest.EndpointsArePlusMinusOne/4" "--gtest_also_run_disabled_tests"
Directory: /home/j4s4/Documents/dgm/advection_1d
"Orders/ReferenceElementTest.EndpointsArePlusMinusOne/5" start time: Apr 19 10:51 CEST
Output:
----------------------------------------------------------
Running main() from /home/j4s4/Documents/dgm/advection_1d/debug/_deps/googletest-src/googletest/src/gtest_main.cc
Note: Google Test filter = Orders/ReferenceElementTest.EndpointsArePlusMinusOne/4
[==========] Running 1 test from 1 test suite.
[----------] Global test environment set-up.
[----------] 1 test from Orders/ReferenceElementTest
[ RUN      ] Orders/ReferenceElementTest.EndpointsArePlusMinusOne/4
[       OK ] Orders/ReferenceElementTest.EndpointsArePlusMinusOne/4 (0 ms)
[----------] 1 test from Orders/ReferenceElementTest (0 ms total)

[----------] Global test environment tear-down
[==========] 1 test from 1 test suite ran. (0 ms total)
[  PASSED  ] 1 test.
<end of output>
Test time =   0.00 sec
----------------------------------------------------------
Test Passed.
"Orders/ReferenceElementTest.EndpointsArePlusMinusOne/5" end time: Apr 19 10:51 CEST
"Orders/ReferenceElementTest.EndpointsArePlusMinusOne/5" time elapsed: 00:00:00
----------------------------------------------------------

11/44 Testing: Orders/ReferenceElementTest.DMatrixSkewAntisymmetric/1
11/44 Test: Orders/ReferenceElementTest.DMatrixSkewAntisymmetric/1
Command: "/home/j4s4/Documents/dgm/advection_1d/debug/tests/test_reference_element" "--gtest_filter=Orders/ReferenceElementTest.DMatrixSkewAntisymmetric/0" "--gtest_also_run_disabled_tests"
Directory: /home/j4s4/Documents/dgm/advection_1d
"Orders/ReferenceElementTest.DMatrixSkewAntisymmetric/1" start time: Apr 19 10:51 CEST
Output:
----------------------------------------------------------
Running main() from /home/j4s4/Documents/dgm/advection_1d/debug/_deps/googletest-src/googletest/src/gtest_main.cc
Note: Google Test filter = Orders/ReferenceElementTest.DMatrixSkewAntisymmetric/0
[==========] Running 1 test from 1 test suite.
[----------] Global test environment set-up.
[----------] 1 test from Orders/ReferenceElementTest
[ RUN      ] Orders/ReferenceElementTest.DMatrixSkewAntisymmetric/0
[       OK ] Orders/ReferenceElementTest.DMatrixSkewAntisymmetric/0 (0 ms)
[----------] 1 test from Orders/ReferenceElementTest (0 ms total)

[----------] Global test environment tear-down
[==========] 1 test from 1 test suite ran. (0 ms total)
[  PASSED  ] 1 test.
<end of output>
Test time =   0.00 sec
----------------------------------------------------------
Test Passed.
"Orders/ReferenceElementTest.DMatrixSkewAntisymmetric/1" end time: Apr 19 10:51 CEST
"Orders/ReferenceElementTest.DMatrixSkewAntisymmetric/1" time elapsed: 00:00:00
----------------------------------------------------------

12/44 Testing: Orders/ReferenceElementTest.DMatrixSkewAntisymmetric/2
12/44 Test: Orders/ReferenceElementTest.DMatrixSkewAntisymmetric/2
Command: "/home/j4s4/Documents/dgm/advection_1d/debug/tests/test_reference_element" "--gtest_filter=Orders/ReferenceElementTest.DMatrixSkewAntisymmetric/1" "--gtest_also_run_disabled_tests"
Directory: /home/j4s4/Documents/dgm/advection_1d
"Orders/ReferenceElementTest.DMatrixSkewAntisymmetric/2" start time: Apr 19 10:51 CEST
Output:
----------------------------------------------------------
Running main() from /home/j4s4/Documents/dgm/advection_1d/debug/_deps/googletest-src/googletest/src/gtest_main.cc
Note: Google Test filter = Orders/ReferenceElementTest.DMatrixSkewAntisymmetric/1
[==========] Running 1 test from 1 test suite.
[----------] Global test environment set-up.
[----------] 1 test from Orders/ReferenceElementTest
[ RUN      ] Orders/ReferenceElementTest.DMatrixSkewAntisymmetric/1
[       OK ] Orders/ReferenceElementTest.DMatrixSkewAntisymmetric/1 (0 ms)
[----------] 1 test from Orders/ReferenceElementTest (0 ms total)

[----------] Global test environment tear-down
[==========] 1 test from 1 test suite ran. (0 ms total)
[  PASSED  ] 1 test.
<end of output>
Test time =   0.00 sec
----------------------------------------------------------
Test Passed.
"Orders/ReferenceElementTest.DMatrixSkewAntisymmetric/2" end time: Apr 19 10:51 CEST
"Orders/ReferenceElementTest.DMatrixSkewAntisymmetric/2" time elapsed: 00:00:00
----------------------------------------------------------

13/44 Testing: Orders/ReferenceElementTest.DMatrixSkewAntisymmetric/3
13/44 Test: Orders/ReferenceElementTest.DMatrixSkewAntisymmetric/3
Command: "/home/j4s4/Documents/dgm/advection_1d/debug/tests/test_reference_element" "--gtest_filter=Orders/ReferenceElementTest.DMatrixSkewAntisymmetric/2" "--gtest_also_run_disabled_tests"
Directory: /home/j4s4/Documents/dgm/advection_1d
"Orders/ReferenceElementTest.DMatrixSkewAntisymmetric/3" start time: Apr 19 10:51 CEST
Output:
----------------------------------------------------------
Running main() from /home/j4s4/Documents/dgm/advection_1d/debug/_deps/googletest-src/googletest/src/gtest_main.cc
Note: Google Test filter = Orders/ReferenceElementTest.DMatrixSkewAntisymmetric/2
[==========] Running 1 test from 1 test suite.
[----------] Global test environment set-up.
[----------] 1 test from Orders/ReferenceElementTest
[ RUN      ] Orders/ReferenceElementTest.DMatrixSkewAntisymmetric/2
[       OK ] Orders/ReferenceElementTest.DMatrixSkewAntisymmetric/2 (0 ms)
[----------] 1 test from Orders/ReferenceElementTest (0 ms total)

[----------] Global test environment tear-down
[==========] 1 test from 1 test suite ran. (0 ms total)
[  PASSED  ] 1 test.
<end of output>
Test time =   0.00 sec
----------------------------------------------------------
Test Passed.
"Orders/ReferenceElementTest.DMatrixSkewAntisymmetric/3" end time: Apr 19 10:51 CEST
"Orders/ReferenceElementTest.DMatrixSkewAntisymmetric/3" time elapsed: 00:00:00
----------------------------------------------------------

14/44 Testing: Orders/ReferenceElementTest.DMatrixSkewAntisymmetric/4
14/44 Test: Orders/ReferenceElementTest.DMatrixSkewAntisymmetric/4
Command: "/home/j4s4/Documents/dgm/advection_1d/debug/tests/test_reference_element" "--gtest_filter=Orders/ReferenceElementTest.DMatrixSkewAntisymmetric/3" "--gtest_also_run_disabled_tests"
Directory: /home/j4s4/Documents/dgm/advection_1d
"Orders/ReferenceElementTest.DMatrixSkewAntisymmetric/4" start time: Apr 19 10:51 CEST
Output:
----------------------------------------------------------
Running main() from /home/j4s4/Documents/dgm/advection_1d/debug/_deps/googletest-src/googletest/src/gtest_main.cc
Note: Google Test filter = Orders/ReferenceElementTest.DMatrixSkewAntisymmetric/3
[==========] Running 1 test from 1 test suite.
[----------] Global test environment set-up.
[----------] 1 test from Orders/ReferenceElementTest
[ RUN      ] Orders/ReferenceElementTest.DMatrixSkewAntisymmetric/3
[       OK ] Orders/ReferenceElementTest.DMatrixSkewAntisymmetric/3 (0 ms)
[----------] 1 test from Orders/ReferenceElementTest (0 ms total)

[----------] Global test environment tear-down
[==========] 1 test from 1 test suite ran. (0 ms total)
[  PASSED  ] 1 test.
<end of output>
Test time =   0.00 sec
----------------------------------------------------------
Test Passed.
"Orders/ReferenceElementTest.DMatrixSkewAntisymmetric/4" end time: Apr 19 10:51 CEST
"Orders/ReferenceElementTest.DMatrixSkewAntisymmetric/4" time elapsed: 00:00:00
----------------------------------------------------------

15/44 Testing: Orders/ReferenceElementTest.DMatrixSkewAntisymmetric/5
15/44 Test: Orders/ReferenceElementTest.DMatrixSkewAntisymmetric/5
Command: "/home/j4s4/Documents/dgm/advection_1d/debug/tests/test_reference_element" "--gtest_filter=Orders/ReferenceElementTest.DMatrixSkewAntisymmetric/4" "--gtest_also_run_disabled_tests"
Directory: /home/j4s4/Documents/dgm/advection_1d
"Orders/ReferenceElementTest.DMatrixSkewAntisymmetric/5" start time: Apr 19 10:51 CEST
Output:
----------------------------------------------------------
Running main() from /home/j4s4/Documents/dgm/advection_1d/debug/_deps/googletest-src/googletest/src/gtest_main.cc
Note: Google Test filter = Orders/ReferenceElementTest.DMatrixSkewAntisymmetric/4
[==========] Running 1 test from 1 test suite.
[----------] Global test environment set-up.
[----------] 1 test from Orders/ReferenceElementTest
[ RUN      ] Orders/ReferenceElementTest.DMatrixSkewAntisymmetric/4
[       OK ] Orders/ReferenceElementTest.DMatrixSkewAntisymmetric/4 (0 ms)
[----------] 1 test from Orders/ReferenceElementTest (0 ms total)

[----------] Global test environment tear-down
[==========] 1 test from 1 test suite ran. (0 ms total)
[  PASSED  ] 1 test.
<end of output>
Test time =   0.00 sec
----------------------------------------------------------
Test Passed.
"Orders/ReferenceElementTest.DMatrixSkewAntisymmetric/5" end time: Apr 19 10:51 CEST
"Orders/ReferenceElementTest.DMatrixSkewAntisymmetric/5" time elapsed: 00:00:00
----------------------------------------------------------

16/44 Testing: Orders/ReferenceElementTest.DMatrixAnnihilatesConstants/1
16/44 Test: Orders/ReferenceElementTest.DMatrixAnnihilatesConstants/1
Command: "/home/j4s4/Documents/dgm/advection_1d/debug/tests/test_reference_element" "--gtest_filter=Orders/ReferenceElementTest.DMatrixAnnihilatesConstants/0" "--gtest_also_run_disabled_tests"
Directory: /home/j4s4/Documents/dgm/advection_1d
"Orders/ReferenceElementTest.DMatrixAnnihilatesConstants/1" start time: Apr 19 10:51 CEST
Output:
----------------------------------------------------------
Running main() from /home/j4s4/Documents/dgm/advection_1d/debug/_deps/googletest-src/googletest/src/gtest_main.cc
Note: Google Test filter = Orders/ReferenceElementTest.DMatrixAnnihilatesConstants/0
[==========] Running 1 test from 1 test suite.
[----------] Global test environment set-up.
[----------] 1 test from Orders/ReferenceElementTest
[ RUN      ] Orders/ReferenceElementTest.DMatrixAnnihilatesConstants/0
[       OK ] Orders/ReferenceElementTest.DMatrixAnnihilatesConstants/0 (0 ms)
[----------] 1 test from Orders/ReferenceElementTest (0 ms total)

[----------] Global test environment tear-down
[==========] 1 test from 1 test suite ran. (0 ms total)
[  PASSED  ] 1 test.
<end of output>
Test time =   0.00 sec
----------------------------------------------------------
Test Passed.
"Orders/ReferenceElementTest.DMatrixAnnihilatesConstants/1" end time: Apr 19 10:51 CEST
"Orders/ReferenceElementTest.DMatrixAnnihilatesConstants/1" time elapsed: 00:00:00
----------------------------------------------------------

17/44 Testing: Orders/ReferenceElementTest.DMatrixAnnihilatesConstants/2
17/44 Test: Orders/ReferenceElementTest.DMatrixAnnihilatesConstants/2
Command: "/home/j4s4/Documents/dgm/advection_1d/debug/tests/test_reference_element" "--gtest_filter=Orders/ReferenceElementTest.DMatrixAnnihilatesConstants/1" "--gtest_also_run_disabled_tests"
Directory: /home/j4s4/Documents/dgm/advection_1d
"Orders/ReferenceElementTest.DMatrixAnnihilatesConstants/2" start time: Apr 19 10:51 CEST
Output:
----------------------------------------------------------
Running main() from /home/j4s4/Documents/dgm/advection_1d/debug/_deps/googletest-src/googletest/src/gtest_main.cc
Note: Google Test filter = Orders/ReferenceElementTest.DMatrixAnnihilatesConstants/1
[==========] Running 1 test from 1 test suite.
[----------] Global test environment set-up.
[----------] 1 test from Orders/ReferenceElementTest
[ RUN      ] Orders/ReferenceElementTest.DMatrixAnnihilatesConstants/1
[       OK ] Orders/ReferenceElementTest.DMatrixAnnihilatesConstants/1 (0 ms)
[----------] 1 test from Orders/ReferenceElementTest (0 ms total)

[----------] Global test environment tear-down
[==========] 1 test from 1 test suite ran. (0 ms total)
[  PASSED  ] 1 test.
<end of output>
Test time =   0.00 sec
----------------------------------------------------------
Test Passed.
"Orders/ReferenceElementTest.DMatrixAnnihilatesConstants/2" end time: Apr 19 10:51 CEST
"Orders/ReferenceElementTest.DMatrixAnnihilatesConstants/2" time elapsed: 00:00:00
----------------------------------------------------------

18/44 Testing: Orders/ReferenceElementTest.DMatrixAnnihilatesConstants/3
18/44 Test: Orders/ReferenceElementTest.DMatrixAnnihilatesConstants/3
Command: "/home/j4s4/Documents/dgm/advection_1d/debug/tests/test_reference_element" "--gtest_filter=Orders/ReferenceElementTest.DMatrixAnnihilatesConstants/2" "--gtest_also_run_disabled_tests"
Directory: /home/j4s4/Documents/dgm/advection_1d
"Orders/ReferenceElementTest.DMatrixAnnihilatesConstants/3" start time: Apr 19 10:51 CEST
Output:
----------------------------------------------------------
Running main() from /home/j4s4/Documents/dgm/advection_1d/debug/_deps/googletest-src/googletest/src/gtest_main.cc
Note: Google Test filter = Orders/ReferenceElementTest.DMatrixAnnihilatesConstants/2
[==========] Running 1 test from 1 test suite.
[----------] Global test environment set-up.
[----------] 1 test from Orders/ReferenceElementTest
[ RUN      ] Orders/ReferenceElementTest.DMatrixAnnihilatesConstants/2
[       OK ] Orders/ReferenceElementTest.DMatrixAnnihilatesConstants/2 (0 ms)
[----------] 1 test from Orders/ReferenceElementTest (0 ms total)

[----------] Global test environment tear-down
[==========] 1 test from 1 test suite ran. (0 ms total)
[  PASSED  ] 1 test.
<end of output>
Test time =   0.00 sec
----------------------------------------------------------
Test Passed.
"Orders/ReferenceElementTest.DMatrixAnnihilatesConstants/3" end time: Apr 19 10:51 CEST
"Orders/ReferenceElementTest.DMatrixAnnihilatesConstants/3" time elapsed: 00:00:00
----------------------------------------------------------

19/44 Testing: Orders/ReferenceElementTest.DMatrixAnnihilatesConstants/4
19/44 Test: Orders/ReferenceElementTest.DMatrixAnnihilatesConstants/4
Command: "/home/j4s4/Documents/dgm/advection_1d/debug/tests/test_reference_element" "--gtest_filter=Orders/ReferenceElementTest.DMatrixAnnihilatesConstants/3" "--gtest_also_run_disabled_tests"
Directory: /home/j4s4/Documents/dgm/advection_1d
"Orders/ReferenceElementTest.DMatrixAnnihilatesConstants/4" start time: Apr 19 10:51 CEST
Output:
----------------------------------------------------------
Running main() from /home/j4s4/Documents/dgm/advection_1d/debug/_deps/googletest-src/googletest/src/gtest_main.cc
Note: Google Test filter = Orders/ReferenceElementTest.DMatrixAnnihilatesConstants/3
[==========] Running 1 test from 1 test suite.
[----------] Global test environment set-up.
[----------] 1 test from Orders/ReferenceElementTest
[ RUN      ] Orders/ReferenceElementTest.DMatrixAnnihilatesConstants/3
[       OK ] Orders/ReferenceElementTest.DMatrixAnnihilatesConstants/3 (0 ms)
[----------] 1 test from Orders/ReferenceElementTest (0 ms total)

[----------] Global test environment tear-down
[==========] 1 test from 1 test suite ran. (0 ms total)
[  PASSED  ] 1 test.
<end of output>
Test time =   0.00 sec
----------------------------------------------------------
Test Passed.
"Orders/ReferenceElementTest.DMatrixAnnihilatesConstants/4" end time: Apr 19 10:51 CEST
"Orders/ReferenceElementTest.DMatrixAnnihilatesConstants/4" time elapsed: 00:00:00
----------------------------------------------------------

20/44 Testing: Orders/ReferenceElementTest.DMatrixAnnihilatesConstants/5
20/44 Test: Orders/ReferenceElementTest.DMatrixAnnihilatesConstants/5
Command: "/home/j4s4/Documents/dgm/advection_1d/debug/tests/test_reference_element" "--gtest_filter=Orders/ReferenceElementTest.DMatrixAnnihilatesConstants/4" "--gtest_also_run_disabled_tests"
Directory: /home/j4s4/Documents/dgm/advection_1d
"Orders/ReferenceElementTest.DMatrixAnnihilatesConstants/5" start time: Apr 19 10:51 CEST
Output:
----------------------------------------------------------
Running main() from /home/j4s4/Documents/dgm/advection_1d/debug/_deps/googletest-src/googletest/src/gtest_main.cc
Note: Google Test filter = Orders/ReferenceElementTest.DMatrixAnnihilatesConstants/4
[==========] Running 1 test from 1 test suite.
[----------] Global test environment set-up.
[----------] 1 test from Orders/ReferenceElementTest
[ RUN      ] Orders/ReferenceElementTest.DMatrixAnnihilatesConstants/4
[       OK ] Orders/ReferenceElementTest.DMatrixAnnihilatesConstants/4 (0 ms)
[----------] 1 test from Orders/ReferenceElementTest (0 ms total)

[----------] Global test environment tear-down
[==========] 1 test from 1 test suite ran. (0 ms total)
[  PASSED  ] 1 test.
<end of output>
Test time =   0.00 sec
----------------------------------------------------------
Test Passed.
"Orders/ReferenceElementTest.DMatrixAnnihilatesConstants/5" end time: Apr 19 10:51 CEST
"Orders/ReferenceElementTest.DMatrixAnnihilatesConstants/5" time elapsed: 00:00:00
----------------------------------------------------------

21/44 Testing: Orders/ReferenceElementTest.DMatrixDifferentiatesLinear/1
21/44 Test: Orders/ReferenceElementTest.DMatrixDifferentiatesLinear/1
Command: "/home/j4s4/Documents/dgm/advection_1d/debug/tests/test_reference_element" "--gtest_filter=Orders/ReferenceElementTest.DMatrixDifferentiatesLinear/0" "--gtest_also_run_disabled_tests"
Directory: /home/j4s4/Documents/dgm/advection_1d
"Orders/ReferenceElementTest.DMatrixDifferentiatesLinear/1" start time: Apr 19 10:51 CEST
Output:
----------------------------------------------------------
Running main() from /home/j4s4/Documents/dgm/advection_1d/debug/_deps/googletest-src/googletest/src/gtest_main.cc
Note: Google Test filter = Orders/ReferenceElementTest.DMatrixDifferentiatesLinear/0
[==========] Running 1 test from 1 test suite.
[----------] Global test environment set-up.
[----------] 1 test from Orders/ReferenceElementTest
[ RUN      ] Orders/ReferenceElementTest.DMatrixDifferentiatesLinear/0
[       OK ] Orders/ReferenceElementTest.DMatrixDifferentiatesLinear/0 (0 ms)
[----------] 1 test from Orders/ReferenceElementTest (0 ms total)

[----------] Global test environment tear-down
[==========] 1 test from 1 test suite ran. (0 ms total)
[  PASSED  ] 1 test.
<end of output>
Test time =   0.00 sec
----------------------------------------------------------
Test Passed.
"Orders/ReferenceElementTest.DMatrixDifferentiatesLinear/1" end time: Apr 19 10:51 CEST
"Orders/ReferenceElementTest.DMatrixDifferentiatesLinear/1" time elapsed: 00:00:00
----------------------------------------------------------

22/44 Testing: Orders/ReferenceElementTest.DMatrixDifferentiatesLinear/2
22/44 Test: Orders/ReferenceElementTest.DMatrixDifferentiatesLinear/2
Command: "/home/j4s4/Documents/dgm/advection_1d/debug/tests/test_reference_element" "--gtest_filter=Orders/ReferenceElementTest.DMatrixDifferentiatesLinear/1" "--gtest_also_run_disabled_tests"
Directory: /home/j4s4/Documents/dgm/advection_1d
"Orders/ReferenceElementTest.DMatrixDifferentiatesLinear/2" start time: Apr 19 10:51 CEST
Output:
----------------------------------------------------------
Running main() from /home/j4s4/Documents/dgm/advection_1d/debug/_deps/googletest-src/googletest/src/gtest_main.cc
Note: Google Test filter = Orders/ReferenceElementTest.DMatrixDifferentiatesLinear/1
[==========] Running 1 test from 1 test suite.
[----------] Global test environment set-up.
[----------] 1 test from Orders/ReferenceElementTest
[ RUN      ] Orders/ReferenceElementTest.DMatrixDifferentiatesLinear/1
[       OK ] Orders/ReferenceElementTest.DMatrixDifferentiatesLinear/1 (0 ms)
[----------] 1 test from Orders/ReferenceElementTest (0 ms total)

[----------] Global test environment tear-down
[==========] 1 test from 1 test suite ran. (0 ms total)
[  PASSED  ] 1 test.
<end of output>
Test time =   0.00 sec
----------------------------------------------------------
Test Passed.
"Orders/ReferenceElementTest.DMatrixDifferentiatesLinear/2" end time: Apr 19 10:51 CEST
"Orders/ReferenceElementTest.DMatrixDifferentiatesLinear/2" time elapsed: 00:00:00
----------------------------------------------------------

23/44 Testing: Orders/ReferenceElementTest.DMatrixDifferentiatesLinear/3
23/44 Test: Orders/ReferenceElementTest.DMatrixDifferentiatesLinear/3
Command: "/home/j4s4/Documents/dgm/advection_1d/debug/tests/test_reference_element" "--gtest_filter=Orders/ReferenceElementTest.DMatrixDifferentiatesLinear/2" "--gtest_also_run_disabled_tests"
Directory: /home/j4s4/Documents/dgm/advection_1d
"Orders/ReferenceElementTest.DMatrixDifferentiatesLinear/3" start time: Apr 19 10:51 CEST
Output:
----------------------------------------------------------
Running main() from /home/j4s4/Documents/dgm/advection_1d/debug/_deps/googletest-src/googletest/src/gtest_main.cc
Note: Google Test filter = Orders/ReferenceElementTest.DMatrixDifferentiatesLinear/2
[==========] Running 1 test from 1 test suite.
[----------] Global test environment set-up.
[----------] 1 test from Orders/ReferenceElementTest
[ RUN      ] Orders/ReferenceElementTest.DMatrixDifferentiatesLinear/2
[       OK ] Orders/ReferenceElementTest.DMatrixDifferentiatesLinear/2 (0 ms)
[----------] 1 test from Orders/ReferenceElementTest (0 ms total)

[----------] Global test environment tear-down
[==========] 1 test from 1 test suite ran. (0 ms total)
[  PASSED  ] 1 test.
<end of output>
Test time =   0.00 sec
----------------------------------------------------------
Test Passed.
"Orders/ReferenceElementTest.DMatrixDifferentiatesLinear/3" end time: Apr 19 10:51 CEST
"Orders/ReferenceElementTest.DMatrixDifferentiatesLinear/3" time elapsed: 00:00:00
----------------------------------------------------------

24/44 Testing: Orders/ReferenceElementTest.DMatrixDifferentiatesLinear/4
24/44 Test: Orders/ReferenceElementTest.DMatrixDifferentiatesLinear/4
Command: "/home/j4s4/Documents/dgm/advection_1d/debug/tests/test_reference_element" "--gtest_filter=Orders/ReferenceElementTest.DMatrixDifferentiatesLinear/3" "--gtest_also_run_disabled_tests"
Directory: /home/j4s4/Documents/dgm/advection_1d
"Orders/ReferenceElementTest.DMatrixDifferentiatesLinear/4" start time: Apr 19 10:51 CEST
Output:
----------------------------------------------------------
Running main() from /home/j4s4/Documents/dgm/advection_1d/debug/_deps/googletest-src/googletest/src/gtest_main.cc
Note: Google Test filter = Orders/ReferenceElementTest.DMatrixDifferentiatesLinear/3
[==========] Running 1 test from 1 test suite.
[----------] Global test environment set-up.
[----------] 1 test from Orders/ReferenceElementTest
[ RUN      ] Orders/ReferenceElementTest.DMatrixDifferentiatesLinear/3
[       OK ] Orders/ReferenceElementTest.DMatrixDifferentiatesLinear/3 (0 ms)
[----------] 1 test from Orders/ReferenceElementTest (0 ms total)

[----------] Global test environment tear-down
[==========] 1 test from 1 test suite ran. (0 ms total)
[  PASSED  ] 1 test.
<end of output>
Test time =   0.00 sec
----------------------------------------------------------
Test Passed.
"Orders/ReferenceElementTest.DMatrixDifferentiatesLinear/4" end time: Apr 19 10:51 CEST
"Orders/ReferenceElementTest.DMatrixDifferentiatesLinear/4" time elapsed: 00:00:00
----------------------------------------------------------

25/44 Testing: Orders/ReferenceElementTest.DMatrixDifferentiatesLinear/5
25/44 Test: Orders/ReferenceElementTest.DMatrixDifferentiatesLinear/5
Command: "/home/j4s4/Documents/dgm/advection_1d/debug/tests/test_reference_element" "--gtest_filter=Orders/ReferenceElementTest.DMatrixDifferentiatesLinear/4" "--gtest_also_run_disabled_tests"
Directory: /home/j4s4/Documents/dgm/advection_1d
"Orders/ReferenceElementTest.DMatrixDifferentiatesLinear/5" start time: Apr 19 10:51 CEST
Output:
----------------------------------------------------------
Running main() from /home/j4s4/Documents/dgm/advection_1d/debug/_deps/googletest-src/googletest/src/gtest_main.cc
Note: Google Test filter = Orders/ReferenceElementTest.DMatrixDifferentiatesLinear/4
[==========] Running 1 test from 1 test suite.
[----------] Global test environment set-up.
[----------] 1 test from Orders/ReferenceElementTest
[ RUN      ] Orders/ReferenceElementTest.DMatrixDifferentiatesLinear/4
[       OK ] Orders/ReferenceElementTest.DMatrixDifferentiatesLinear/4 (0 ms)
[----------] 1 test from Orders/ReferenceElementTest (0 ms total)

[----------] Global test environment tear-down
[==========] 1 test from 1 test suite ran. (0 ms total)
[  PASSED  ] 1 test.
<end of output>
Test time =   0.00 sec
----------------------------------------------------------
Test Passed.
"Orders/ReferenceElementTest.DMatrixDifferentiatesLinear/5" end time: Apr 19 10:51 CEST
"Orders/ReferenceElementTest.DMatrixDifferentiatesLinear/5" time elapsed: 00:00:00
----------------------------------------------------------

26/44 Testing: Orders/ReferenceElementTest.DMatrixExactForPolynomials/1
26/44 Test: Orders/ReferenceElementTest.DMatrixExactForPolynomials/1
Command: "/home/j4s4/Documents/dgm/advection_1d/debug/tests/test_reference_element" "--gtest_filter=Orders/ReferenceElementTest.DMatrixExactForPolynomials/0" "--gtest_also_run_disabled_tests"
Directory: /home/j4s4/Documents/dgm/advection_1d
"Orders/ReferenceElementTest.DMatrixExactForPolynomials/1" start time: Apr 19 10:51 CEST
Output:
----------------------------------------------------------
Running main() from /home/j4s4/Documents/dgm/advection_1d/debug/_deps/googletest-src/googletest/src/gtest_main.cc
Note: Google Test filter = Orders/ReferenceElementTest.DMatrixExactForPolynomials/0
[==========] Running 1 test from 1 test suite.
[----------] Global test environment set-up.
[----------] 1 test from Orders/ReferenceElementTest
[ RUN      ] Orders/ReferenceElementTest.DMatrixExactForPolynomials/0
[       OK ] Orders/ReferenceElementTest.DMatrixExactForPolynomials/0 (0 ms)
[----------] 1 test from Orders/ReferenceElementTest (0 ms total)

[----------] Global test environment tear-down
[==========] 1 test from 1 test suite ran. (0 ms total)
[  PASSED  ] 1 test.
<end of output>
Test time =   0.00 sec
----------------------------------------------------------
Test Passed.
"Orders/ReferenceElementTest.DMatrixExactForPolynomials/1" end time: Apr 19 10:51 CEST
"Orders/ReferenceElementTest.DMatrixExactForPolynomials/1" time elapsed: 00:00:00
----------------------------------------------------------

27/44 Testing: Orders/ReferenceElementTest.DMatrixExactForPolynomials/2
27/44 Test: Orders/ReferenceElementTest.DMatrixExactForPolynomials/2
Command: "/home/j4s4/Documents/dgm/advection_1d/debug/tests/test_reference_element" "--gtest_filter=Orders/ReferenceElementTest.DMatrixExactForPolynomials/1" "--gtest_also_run_disabled_tests"
Directory: /home/j4s4/Documents/dgm/advection_1d
"Orders/ReferenceElementTest.DMatrixExactForPolynomials/2" start time: Apr 19 10:51 CEST
Output:
----------------------------------------------------------
Running main() from /home/j4s4/Documents/dgm/advection_1d/debug/_deps/googletest-src/googletest/src/gtest_main.cc
Note: Google Test filter = Orders/ReferenceElementTest.DMatrixExactForPolynomials/1
[==========] Running 1 test from 1 test suite.
[----------] Global test environment set-up.
[----------] 1 test from Orders/ReferenceElementTest
[ RUN      ] Orders/ReferenceElementTest.DMatrixExactForPolynomials/1
[       OK ] Orders/ReferenceElementTest.DMatrixExactForPolynomials/1 (0 ms)
[----------] 1 test from Orders/ReferenceElementTest (0 ms total)

[----------] Global test environment tear-down
[==========] 1 test from 1 test suite ran. (0 ms total)
[  PASSED  ] 1 test.
<end of output>
Test time =   0.00 sec
----------------------------------------------------------
Test Passed.
"Orders/ReferenceElementTest.DMatrixExactForPolynomials/2" end time: Apr 19 10:51 CEST
"Orders/ReferenceElementTest.DMatrixExactForPolynomials/2" time elapsed: 00:00:00
----------------------------------------------------------

28/44 Testing: Orders/ReferenceElementTest.DMatrixExactForPolynomials/3
28/44 Test: Orders/ReferenceElementTest.DMatrixExactForPolynomials/3
Command: "/home/j4s4/Documents/dgm/advection_1d/debug/tests/test_reference_element" "--gtest_filter=Orders/ReferenceElementTest.DMatrixExactForPolynomials/2" "--gtest_also_run_disabled_tests"
Directory: /home/j4s4/Documents/dgm/advection_1d
"Orders/ReferenceElementTest.DMatrixExactForPolynomials/3" start time: Apr 19 10:51 CEST
Output:
----------------------------------------------------------
Running main() from /home/j4s4/Documents/dgm/advection_1d/debug/_deps/googletest-src/googletest/src/gtest_main.cc
Note: Google Test filter = Orders/ReferenceElementTest.DMatrixExactForPolynomials/2
[==========] Running 1 test from 1 test suite.
[----------] Global test environment set-up.
[----------] 1 test from Orders/ReferenceElementTest
[ RUN      ] Orders/ReferenceElementTest.DMatrixExactForPolynomials/2
[       OK ] Orders/ReferenceElementTest.DMatrixExactForPolynomials/2 (0 ms)
[----------] 1 test from Orders/ReferenceElementTest (0 ms total)

[----------] Global test environment tear-down
[==========] 1 test from 1 test suite ran. (0 ms total)
[  PASSED  ] 1 test.
<end of output>
Test time =   0.00 sec
----------------------------------------------------------
Test Passed.
"Orders/ReferenceElementTest.DMatrixExactForPolynomials/3" end time: Apr 19 10:51 CEST
"Orders/ReferenceElementTest.DMatrixExactForPolynomials/3" time elapsed: 00:00:00
----------------------------------------------------------

29/44 Testing: Orders/ReferenceElementTest.DMatrixExactForPolynomials/4
29/44 Test: Orders/ReferenceElementTest.DMatrixExactForPolynomials/4
Command: "/home/j4s4/Documents/dgm/advection_1d/debug/tests/test_reference_element" "--gtest_filter=Orders/ReferenceElementTest.DMatrixExactForPolynomials/3" "--gtest_also_run_disabled_tests"
Directory: /home/j4s4/Documents/dgm/advection_1d
"Orders/ReferenceElementTest.DMatrixExactForPolynomials/4" start time: Apr 19 10:51 CEST
Output:
----------------------------------------------------------
Running main() from /home/j4s4/Documents/dgm/advection_1d/debug/_deps/googletest-src/googletest/src/gtest_main.cc
Note: Google Test filter = Orders/ReferenceElementTest.DMatrixExactForPolynomials/3
[==========] Running 1 test from 1 test suite.
[----------] Global test environment set-up.
[----------] 1 test from Orders/ReferenceElementTest
[ RUN      ] Orders/ReferenceElementTest.DMatrixExactForPolynomials/3
[       OK ] Orders/ReferenceElementTest.DMatrixExactForPolynomials/3 (0 ms)
[----------] 1 test from Orders/ReferenceElementTest (0 ms total)

[----------] Global test environment tear-down
[==========] 1 test from 1 test suite ran. (0 ms total)
[  PASSED  ] 1 test.
<end of output>
Test time =   0.00 sec
----------------------------------------------------------
Test Passed.
"Orders/ReferenceElementTest.DMatrixExactForPolynomials/4" end time: Apr 19 10:51 CEST
"Orders/ReferenceElementTest.DMatrixExactForPolynomials/4" time elapsed: 00:00:00
----------------------------------------------------------

30/44 Testing: Orders/ReferenceElementTest.DMatrixExactForPolynomials/5
30/44 Test: Orders/ReferenceElementTest.DMatrixExactForPolynomials/5
Command: "/home/j4s4/Documents/dgm/advection_1d/debug/tests/test_reference_element" "--gtest_filter=Orders/ReferenceElementTest.DMatrixExactForPolynomials/4" "--gtest_also_run_disabled_tests"
Directory: /home/j4s4/Documents/dgm/advection_1d
"Orders/ReferenceElementTest.DMatrixExactForPolynomials/5" start time: Apr 19 10:51 CEST
Output:
----------------------------------------------------------
Running main() from /home/j4s4/Documents/dgm/advection_1d/debug/_deps/googletest-src/googletest/src/gtest_main.cc
Note: Google Test filter = Orders/ReferenceElementTest.DMatrixExactForPolynomials/4
[==========] Running 1 test from 1 test suite.
[----------] Global test environment set-up.
[----------] 1 test from Orders/ReferenceElementTest
[ RUN      ] Orders/ReferenceElementTest.DMatrixExactForPolynomials/4
[       OK ] Orders/ReferenceElementTest.DMatrixExactForPolynomials/4 (0 ms)
[----------] 1 test from Orders/ReferenceElementTest (0 ms total)

[----------] Global test environment tear-down
[==========] 1 test from 1 test suite ran. (0 ms total)
[  PASSED  ] 1 test.
<end of output>
Test time =   0.00 sec
----------------------------------------------------------
Test Passed.
"Orders/ReferenceElementTest.DMatrixExactForPolynomials/5" end time: Apr 19 10:51 CEST
"Orders/ReferenceElementTest.DMatrixExactForPolynomials/5" time elapsed: 00:00:00
----------------------------------------------------------

31/44 Testing: UniformMeshTest.UniformMeshElementCount
31/44 Test: UniformMeshTest.UniformMeshElementCount
Command: "/home/j4s4/Documents/dgm/advection_1d/debug/tests/test_mesh" "--gtest_filter=UniformMeshTest.UniformMeshElementCount" "--gtest_also_run_disabled_tests"
Directory: /home/j4s4/Documents/dgm/advection_1d
"UniformMeshTest.UniformMeshElementCount" start time: Apr 19 10:51 CEST
Output:
----------------------------------------------------------
Running main() from /home/j4s4/Documents/dgm/advection_1d/debug/_deps/googletest-src/googletest/src/gtest_main.cc
Note: Google Test filter = UniformMeshTest.UniformMeshElementCount
[==========] Running 1 test from 1 test suite.
[----------] Global test environment set-up.
[----------] 1 test from UniformMeshTest
[ RUN      ] UniformMeshTest.UniformMeshElementCount
[       OK ] UniformMeshTest.UniformMeshElementCount (0 ms)
[----------] 1 test from UniformMeshTest (0 ms total)

[----------] Global test environment tear-down
[==========] 1 test from 1 test suite ran. (0 ms total)
[  PASSED  ] 1 test.
<end of output>
Test time =   0.00 sec
----------------------------------------------------------
Test Passed.
"UniformMeshTest.UniformMeshElementCount" end time: Apr 19 10:51 CEST
"UniformMeshTest.UniformMeshElementCount" time elapsed: 00:00:00
----------------------------------------------------------

32/44 Testing: UniformMeshTest.UniformMeshFaceCount
32/44 Test: UniformMeshTest.UniformMeshFaceCount
Command: "/home/j4s4/Documents/dgm/advection_1d/debug/tests/test_mesh" "--gtest_filter=UniformMeshTest.UniformMeshFaceCount" "--gtest_also_run_disabled_tests"
Directory: /home/j4s4/Documents/dgm/advection_1d
"UniformMeshTest.UniformMeshFaceCount" start time: Apr 19 10:51 CEST
Output:
----------------------------------------------------------
Running main() from /home/j4s4/Documents/dgm/advection_1d/debug/_deps/googletest-src/googletest/src/gtest_main.cc
Note: Google Test filter = UniformMeshTest.UniformMeshFaceCount
[==========] Running 1 test from 1 test suite.
[----------] Global test environment set-up.
[----------] 1 test from UniformMeshTest
[ RUN      ] UniformMeshTest.UniformMeshFaceCount
[       OK ] UniformMeshTest.UniformMeshFaceCount (0 ms)
[----------] 1 test from UniformMeshTest (0 ms total)

[----------] Global test environment tear-down
[==========] 1 test from 1 test suite ran. (0 ms total)
[  PASSED  ] 1 test.
<end of output>
Test time =   0.00 sec
----------------------------------------------------------
Test Passed.
"UniformMeshTest.UniformMeshFaceCount" end time: Apr 19 10:51 CEST
"UniformMeshTest.UniformMeshFaceCount" time elapsed: 00:00:00
----------------------------------------------------------

33/44 Testing: UniformMeshTest.UniformMeshVertexCoordinates
33/44 Test: UniformMeshTest.UniformMeshVertexCoordinates
Command: "/home/j4s4/Documents/dgm/advection_1d/debug/tests/test_mesh" "--gtest_filter=UniformMeshTest.UniformMeshVertexCoordinates" "--gtest_also_run_disabled_tests"
Directory: /home/j4s4/Documents/dgm/advection_1d
"UniformMeshTest.UniformMeshVertexCoordinates" start time: Apr 19 10:51 CEST
Output:
----------------------------------------------------------
Running main() from /home/j4s4/Documents/dgm/advection_1d/debug/_deps/googletest-src/googletest/src/gtest_main.cc
Note: Google Test filter = UniformMeshTest.UniformMeshVertexCoordinates
[==========] Running 1 test from 1 test suite.
[----------] Global test environment set-up.
[----------] 1 test from UniformMeshTest
[ RUN      ] UniformMeshTest.UniformMeshVertexCoordinates
[       OK ] UniformMeshTest.UniformMeshVertexCoordinates (0 ms)
[----------] 1 test from UniformMeshTest (0 ms total)

[----------] Global test environment tear-down
[==========] 1 test from 1 test suite ran. (0 ms total)
[  PASSED  ] 1 test.
<end of output>
Test time =   0.00 sec
----------------------------------------------------------
Test Passed.
"UniformMeshTest.UniformMeshVertexCoordinates" end time: Apr 19 10:51 CEST
"UniformMeshTest.UniformMeshVertexCoordinates" time elapsed: 00:00:00
----------------------------------------------------------

34/44 Testing: UniformMeshTest.UniformMeshVertexCoordinatesNeighbours
34/44 Test: UniformMeshTest.UniformMeshVertexCoordinatesNeighbours
Command: "/home/j4s4/Documents/dgm/advection_1d/debug/tests/test_mesh" "--gtest_filter=UniformMeshTest.UniformMeshVertexCoordinatesNeighbours" "--gtest_also_run_disabled_tests"
Directory: /home/j4s4/Documents/dgm/advection_1d
"UniformMeshTest.UniformMeshVertexCoordinatesNeighbours" start time: Apr 19 10:51 CEST
Output:
----------------------------------------------------------
Running main() from /home/j4s4/Documents/dgm/advection_1d/debug/_deps/googletest-src/googletest/src/gtest_main.cc
Note: Google Test filter = UniformMeshTest.UniformMeshVertexCoordinatesNeighbours
[==========] Running 1 test from 1 test suite.
[----------] Global test environment set-up.
[----------] 1 test from UniformMeshTest
[ RUN      ] UniformMeshTest.UniformMeshVertexCoordinatesNeighbours
[       OK ] UniformMeshTest.UniformMeshVertexCoordinatesNeighbours (0 ms)
[----------] 1 test from UniformMeshTest (0 ms total)

[----------] Global test environment tear-down
[==========] 1 test from 1 test suite ran. (0 ms total)
[  PASSED  ] 1 test.
<end of output>
Test time =   0.00 sec
----------------------------------------------------------
Test Passed.
"UniformMeshTest.UniformMeshVertexCoordinatesNeighbours" end time: Apr 19 10:51 CEST
"UniformMeshTest.UniformMeshVertexCoordinatesNeighbours" time elapsed: 00:00:00
----------------------------------------------------------

35/44 Testing: UniformMeshTest.UniformMeshElementSize
35/44 Test: UniformMeshTest.UniformMeshElementSize
Command: "/home/j4s4/Documents/dgm/advection_1d/debug/tests/test_mesh" "--gtest_filter=UniformMeshTest.UniformMeshElementSize" "--gtest_also_run_disabled_tests"
Directory: /home/j4s4/Documents/dgm/advection_1d
"UniformMeshTest.UniformMeshElementSize" start time: Apr 19 10:51 CEST
Output:
----------------------------------------------------------
Running main() from /home/j4s4/Documents/dgm/advection_1d/debug/_deps/googletest-src/googletest/src/gtest_main.cc
Note: Google Test filter = UniformMeshTest.UniformMeshElementSize
[==========] Running 1 test from 1 test suite.
[----------] Global test environment set-up.
[----------] 1 test from UniformMeshTest
[ RUN      ] UniformMeshTest.UniformMeshElementSize
[       OK ] UniformMeshTest.UniformMeshElementSize (0 ms)
[----------] 1 test from UniformMeshTest (0 ms total)

[----------] Global test environment tear-down
[==========] 1 test from 1 test suite ran. (0 ms total)
[  PASSED  ] 1 test.
<end of output>
Test time =   0.00 sec
----------------------------------------------------------
Test Passed.
"UniformMeshTest.UniformMeshElementSize" end time: Apr 19 10:51 CEST
"UniformMeshTest.UniformMeshElementSize" time elapsed: 00:00:00
----------------------------------------------------------

36/44 Testing: UniformMeshTest.Jacobian
36/44 Test: UniformMeshTest.Jacobian
Command: "/home/j4s4/Documents/dgm/advection_1d/debug/tests/test_mesh" "--gtest_filter=UniformMeshTest.Jacobian" "--gtest_also_run_disabled_tests"
Directory: /home/j4s4/Documents/dgm/advection_1d
"UniformMeshTest.Jacobian" start time: Apr 19 10:51 CEST
Output:
----------------------------------------------------------
Running main() from /home/j4s4/Documents/dgm/advection_1d/debug/_deps/googletest-src/googletest/src/gtest_main.cc
Note: Google Test filter = UniformMeshTest.Jacobian
[==========] Running 1 test from 1 test suite.
[----------] Global test environment set-up.
[----------] 1 test from UniformMeshTest
[ RUN      ] UniformMeshTest.Jacobian
[       OK ] UniformMeshTest.Jacobian (0 ms)
[----------] 1 test from UniformMeshTest (0 ms total)

[----------] Global test environment tear-down
[==========] 1 test from 1 test suite ran. (0 ms total)
[  PASSED  ] 1 test.
<end of output>
Test time =   0.00 sec
----------------------------------------------------------
Test Passed.
"UniformMeshTest.Jacobian" end time: Apr 19 10:51 CEST
"UniformMeshTest.Jacobian" time elapsed: 00:00:00
----------------------------------------------------------

37/44 Testing: UniformMeshTest.BoundaryFaceDetection
37/44 Test: UniformMeshTest.BoundaryFaceDetection
Command: "/home/j4s4/Documents/dgm/advection_1d/debug/tests/test_mesh" "--gtest_filter=UniformMeshTest.BoundaryFaceDetection" "--gtest_also_run_disabled_tests"
Directory: /home/j4s4/Documents/dgm/advection_1d
"UniformMeshTest.BoundaryFaceDetection" start time: Apr 19 10:51 CEST
Output:
----------------------------------------------------------
Running main() from /home/j4s4/Documents/dgm/advection_1d/debug/_deps/googletest-src/googletest/src/gtest_main.cc
Note: Google Test filter = UniformMeshTest.BoundaryFaceDetection
[==========] Running 1 test from 1 test suite.
[----------] Global test environment set-up.
[----------] 1 test from UniformMeshTest
[ RUN      ] UniformMeshTest.BoundaryFaceDetection
[       OK ] UniformMeshTest.BoundaryFaceDetection (0 ms)
[----------] 1 test from UniformMeshTest (0 ms total)

[----------] Global test environment tear-down
[==========] 1 test from 1 test suite ran. (0 ms total)
[  PASSED  ] 1 test.
<end of output>
Test time =   0.00 sec
----------------------------------------------------------
Test Passed.
"UniformMeshTest.BoundaryFaceDetection" end time: Apr 19 10:51 CEST
"UniformMeshTest.BoundaryFaceDetection" time elapsed: 00:00:00
----------------------------------------------------------

38/44 Testing: UniformMeshTest.FaceNeighbours
38/44 Test: UniformMeshTest.FaceNeighbours
Command: "/home/j4s4/Documents/dgm/advection_1d/debug/tests/test_mesh" "--gtest_filter=UniformMeshTest.FaceNeighbours" "--gtest_also_run_disabled_tests"
Directory: /home/j4s4/Documents/dgm/advection_1d
"UniformMeshTest.FaceNeighbours" start time: Apr 19 10:51 CEST
Output:
----------------------------------------------------------
Running main() from /home/j4s4/Documents/dgm/advection_1d/debug/_deps/googletest-src/googletest/src/gtest_main.cc
Note: Google Test filter = UniformMeshTest.FaceNeighbours
[==========] Running 1 test from 1 test suite.
[----------] Global test environment set-up.
[----------] 1 test from UniformMeshTest
[ RUN      ] UniformMeshTest.FaceNeighbours
[       OK ] UniformMeshTest.FaceNeighbours (0 ms)
[----------] 1 test from UniformMeshTest (0 ms total)

[----------] Global test environment tear-down
[==========] 1 test from 1 test suite ran. (0 ms total)
[  PASSED  ] 1 test.
<end of output>
Test time =   0.00 sec
----------------------------------------------------------
Test Passed.
"UniformMeshTest.FaceNeighbours" end time: Apr 19 10:51 CEST
"UniformMeshTest.FaceNeighbours" time elapsed: 00:00:00
----------------------------------------------------------

39/44 Testing: UniformMeshTest.Normals
39/44 Test: UniformMeshTest.Normals
Command: "/home/j4s4/Documents/dgm/advection_1d/debug/tests/test_mesh" "--gtest_filter=UniformMeshTest.Normals" "--gtest_also_run_disabled_tests"
Directory: /home/j4s4/Documents/dgm/advection_1d
"UniformMeshTest.Normals" start time: Apr 19 10:51 CEST
Output:
----------------------------------------------------------
Running main() from /home/j4s4/Documents/dgm/advection_1d/debug/_deps/googletest-src/googletest/src/gtest_main.cc
Note: Google Test filter = UniformMeshTest.Normals
[==========] Running 1 test from 1 test suite.
[----------] Global test environment set-up.
[----------] 1 test from UniformMeshTest
[ RUN      ] UniformMeshTest.Normals
[       OK ] UniformMeshTest.Normals (0 ms)
[----------] 1 test from UniformMeshTest (0 ms total)

[----------] Global test environment tear-down
[==========] 1 test from 1 test suite ran. (0 ms total)
[  PASSED  ] 1 test.
<end of output>
Test time =   0.00 sec
----------------------------------------------------------
Test Passed.
"UniformMeshTest.Normals" end time: Apr 19 10:51 CEST
"UniformMeshTest.Normals" time elapsed: 00:00:00
----------------------------------------------------------

40/44 Testing: OperatorTest.ContinuousSolutionHasNoFluxJumps
40/44 Test: OperatorTest.ContinuousSolutionHasNoFluxJumps
Command: "/home/j4s4/Documents/dgm/advection_1d/debug/tests/test_operator" "--gtest_filter=OperatorTest.ContinuousSolutionHasNoFluxJumps" "--gtest_also_run_disabled_tests"
Directory: /home/j4s4/Documents/dgm/advection_1d
"OperatorTest.ContinuousSolutionHasNoFluxJumps" start time: Apr 19 10:51 CEST
Output:
----------------------------------------------------------
Running main() from /home/j4s4/Documents/dgm/advection_1d/debug/_deps/googletest-src/googletest/src/gtest_main.cc
Note: Google Test filter = OperatorTest.ContinuousSolutionHasNoFluxJumps
[==========] Running 1 test from 1 test suite.
[----------] Global test environment set-up.
[----------] 1 test from OperatorTest
[ RUN      ] OperatorTest.ContinuousSolutionHasNoFluxJumps
[       OK ] OperatorTest.ContinuousSolutionHasNoFluxJumps (0 ms)
[----------] 1 test from OperatorTest (0 ms total)

[----------] Global test environment tear-down
[==========] 1 test from 1 test suite ran. (0 ms total)
[  PASSED  ] 1 test.
<end of output>
Test time =   0.00 sec
----------------------------------------------------------
Test Passed.
"OperatorTest.ContinuousSolutionHasNoFluxJumps" end time: Apr 19 10:51 CEST
"OperatorTest.ContinuousSolutionHasNoFluxJumps" time elapsed: 00:00:00
----------------------------------------------------------

41/44 Testing: OperatorTest.RHSMatchesExactDerivativeForSmoothSolution
41/44 Test: OperatorTest.RHSMatchesExactDerivativeForSmoothSolution
Command: "/home/j4s4/Documents/dgm/advection_1d/debug/tests/test_operator" "--gtest_filter=OperatorTest.RHSMatchesExactDerivativeForSmoothSolution" "--gtest_also_run_disabled_tests"
Directory: /home/j4s4/Documents/dgm/advection_1d
"OperatorTest.RHSMatchesExactDerivativeForSmoothSolution" start time: Apr 19 10:51 CEST
Output:
----------------------------------------------------------
Running main() from /home/j4s4/Documents/dgm/advection_1d/debug/_deps/googletest-src/googletest/src/gtest_main.cc
Note: Google Test filter = OperatorTest.RHSMatchesExactDerivativeForSmoothSolution
[==========] Running 1 test from 1 test suite.
[----------] Global test environment set-up.
[----------] 1 test from OperatorTest
[ RUN      ] OperatorTest.RHSMatchesExactDerivativeForSmoothSolution
/home/j4s4/Documents/dgm/advection_1d/tests/test_operator.cpp:79: Failure
The difference between rhs.elementPtr(k)[i] and exact is 3.8067914358563826e-05, which exceeds TOL_LOOSE, where
rhs.elementPtr(k)[i] evaluates to -0.9941583919329503,
exact evaluates to -0.99412032401859174, and
TOL_LOOSE evaluates to 9.9999999999999995e-07.
RHS mismatch at k=0 i=1

/home/j4s4/Documents/dgm/advection_1d/tests/test_operator.cpp:79: Failure
The difference between rhs.elementPtr(k)[i] and exact is 3.2975368924548221e-05, which exceeds TOL_LOOSE, where
rhs.elementPtr(k)[i] evaluates to -0.95102354092622898,
exact evaluates to -0.95105651629515353, and
TOL_LOOSE evaluates to 9.9999999999999995e-07.
RHS mismatch at k=0 i=2

/home/j4s4/Documents/dgm/advection_1d/tests/test_operator.cpp:79: Failure
The difference between rhs.elementPtr(k)[i] and exact is 3.722838824582464e-05, which exceeds TOL_LOOSE, where
rhs.elementPtr(k)[i] evaluates to -0.86794345727998989,
exact evaluates to -0.86790622889174407, and
TOL_LOOSE evaluates to 9.9999999999999995e-07.
RHS mismatch at k=0 i=3

/home/j4s4/Documents/dgm/advection_1d/tests/test_operator.cpp:79: Failure
The difference between rhs.elementPtr(k)[i] and exact is 2.436679106743167e-05, which exceeds TOL_LOOSE, where
rhs.elementPtr(k)[i] evaluates to -0.7406386110684634,
exact evaluates to -0.74061424427739597, and
TOL_LOOSE evaluates to 9.9999999999999995e-07.
RHS mismatch at k=1 i=1

/home/j4s4/Documents/dgm/advection_1d/tests/test_operator.cpp:79: Failure
The difference between rhs.elementPtr(k)[i] and exact is 2.0379898786671014e-05, which exceeds TOL_LOOSE, where
rhs.elementPtr(k)[i] evaluates to -0.58776487239368647,
exact evaluates to -0.58778525229247314, and
TOL_LOOSE evaluates to 9.9999999999999995e-07.
RHS mismatch at k=1 i=2

/home/j4s4/Documents/dgm/advection_1d/tests/test_operator.cpp:79: Failure
The difference between rhs.elementPtr(k)[i] and exact is 2.216888316819432e-05, which exceeds TOL_LOOSE, where
rhs.elementPtr(k)[i] evaluates to -0.41020362225916412,
exact evaluates to -0.41018145337599593, and
TOL_LOOSE evaluates to 9.9999999999999995e-07.
RHS mismatch at k=1 i=3

/home/j4s4/Documents/dgm/advection_1d/tests/test_operator.cpp:79: Failure
The difference between rhs.elementPtr(k)[i] and exact is 1.3583817868034753e-06, which exceeds TOL_LOOSE, where
rhs.elementPtr(k)[i] evaluates to -0.2042200541563389,
exact evaluates to -0.20421869577455209, and
TOL_LOOSE evaluates to 9.9999999999999995e-07.
RHS mismatch at k=2 i=1

/home/j4s4/Documents/dgm/advection_1d/tests/test_operator.cpp:79: Failure
The difference between rhs.elementPtr(k)[i] and exact is 1.3583817852769187e-06, which exceeds TOL_LOOSE, where
rhs.elementPtr(k)[i] evaluates to 0.20422005415633748,
exact evaluates to 0.20421869577455221, and
TOL_LOOSE evaluates to 9.9999999999999995e-07.
RHS mismatch at k=2 i=3

/home/j4s4/Documents/dgm/advection_1d/tests/test_operator.cpp:79: Failure
The difference between rhs.elementPtr(k)[i] and exact is 2.2168883170192721e-05, which exceeds TOL_LOOSE, where
rhs.elementPtr(k)[i] evaluates to 0.41020362225916623,
exact evaluates to 0.41018145337599604, and
TOL_LOOSE evaluates to 9.9999999999999995e-07.
RHS mismatch at k=3 i=1

/home/j4s4/Documents/dgm/advection_1d/tests/test_operator.cpp:79: Failure
The difference between rhs.elementPtr(k)[i] and exact is 2.0379898786559991e-05, which exceeds TOL_LOOSE, where
rhs.elementPtr(k)[i] evaluates to 0.58776487239368647,
exact evaluates to 0.58778525229247303, and
TOL_LOOSE evaluates to 9.9999999999999995e-07.
RHS mismatch at k=3 i=2

/home/j4s4/Documents/dgm/advection_1d/tests/test_operator.cpp:79: Failure
The difference between rhs.elementPtr(k)[i] and exact is 2.436679106887496e-05, which exceeds TOL_LOOSE, where
rhs.elementPtr(k)[i] evaluates to 0.74063861106846485,
exact evaluates to 0.74061424427739597, and
TOL_LOOSE evaluates to 9.9999999999999995e-07.
RHS mismatch at k=3 i=3

/home/j4s4/Documents/dgm/advection_1d/tests/test_operator.cpp:79: Failure
The difference between rhs.elementPtr(k)[i] and exact is 3.7228388247045885e-05, which exceeds TOL_LOOSE, where
rhs.elementPtr(k)[i] evaluates to 0.86794345727999089,
exact evaluates to 0.86790622889174385, and
TOL_LOOSE evaluates to 9.9999999999999995e-07.
RHS mismatch at k=4 i=1

/home/j4s4/Documents/dgm/advection_1d/tests/test_operator.cpp:79: Failure
The difference between rhs.elementPtr(k)[i] and exact is 3.2975368923882087e-05, which exceeds TOL_LOOSE, where
rhs.elementPtr(k)[i] evaluates to 0.95102354092622965,
exact evaluates to 0.95105651629515353, and
TOL_LOOSE evaluates to 9.9999999999999995e-07.
RHS mismatch at k=4 i=2

/home/j4s4/Documents/dgm/advection_1d/tests/test_operator.cpp:79: Failure
The difference between rhs.elementPtr(k)[i] and exact is 3.806791435922996e-05, which exceeds TOL_LOOSE, where
rhs.elementPtr(k)[i] evaluates to 0.99415839193295097,
exact evaluates to 0.99412032401859174, and
TOL_LOOSE evaluates to 9.9999999999999995e-07.
RHS mismatch at k=4 i=3

/home/j4s4/Documents/dgm/advection_1d/tests/test_operator.cpp:79: Failure
The difference between rhs.elementPtr(k)[i] and exact is 3.8067914359452004e-05, which exceeds TOL_LOOSE, where
rhs.elementPtr(k)[i] evaluates to 0.9941583919329513,
exact evaluates to 0.99412032401859185, and
TOL_LOOSE evaluates to 9.9999999999999995e-07.
RHS mismatch at k=5 i=1

/home/j4s4/Documents/dgm/advection_1d/tests/test_operator.cpp:79: Failure
The difference between rhs.elementPtr(k)[i] and exact is 3.2975368924326176e-05, which exceeds TOL_LOOSE, where
rhs.elementPtr(k)[i] evaluates to 0.95102354092622932,
exact evaluates to 0.95105651629515364, and
TOL_LOOSE evaluates to 9.9999999999999995e-07.
RHS mismatch at k=5 i=2

/home/j4s4/Documents/dgm/advection_1d/tests/test_operator.cpp:79: Failure
The difference between rhs.elementPtr(k)[i] and exact is 3.7228388245491573e-05, which exceeds TOL_LOOSE, where
rhs.elementPtr(k)[i] evaluates to 0.86794345727998956,
exact evaluates to 0.86790622889174407, and
TOL_LOOSE evaluates to 9.9999999999999995e-07.
RHS mismatch at k=5 i=3

/home/j4s4/Documents/dgm/advection_1d/tests/test_operator.cpp:79: Failure
The difference between rhs.elementPtr(k)[i] and exact is 2.4366791068097804e-05, which exceeds TOL_LOOSE, where
rhs.elementPtr(k)[i] evaluates to 0.74063861106846418,
exact evaluates to 0.74061424427739608, and
TOL_LOOSE evaluates to 9.9999999999999995e-07.
RHS mismatch at k=6 i=1

/home/j4s4/Documents/dgm/advection_1d/tests/test_operator.cpp:79: Failure
The difference between rhs.elementPtr(k)[i] and exact is 2.0379898787115103e-05, which exceeds TOL_LOOSE, where
rhs.elementPtr(k)[i] evaluates to 0.58776487239368613,
exact evaluates to 0.58778525229247325, and
TOL_LOOSE evaluates to 9.9999999999999995e-07.
RHS mismatch at k=6 i=2

/home/j4s4/Documents/dgm/advection_1d/tests/test_operator.cpp:79: Failure
The difference between rhs.elementPtr(k)[i] and exact is 2.2168883167306142e-05, which exceeds TOL_LOOSE, where
rhs.elementPtr(k)[i] evaluates to 0.41020362225916379,
exact evaluates to 0.41018145337599649, and
TOL_LOOSE evaluates to 9.9999999999999995e-07.
RHS mismatch at k=6 i=3

/home/j4s4/Documents/dgm/advection_1d/tests/test_operator.cpp:79: Failure
The difference between rhs.elementPtr(k)[i] and exact is 1.3583817861650971e-06, which exceeds TOL_LOOSE, where
rhs.elementPtr(k)[i] evaluates to 0.20422005415633818,
exact evaluates to 0.20421869577455201, and
TOL_LOOSE evaluates to 9.9999999999999995e-07.
RHS mismatch at k=7 i=1

/home/j4s4/Documents/dgm/advection_1d/tests/test_operator.cpp:79: Failure
The difference between rhs.elementPtr(k)[i] and exact is 1.3583817844164958e-06, which exceeds TOL_LOOSE, where
rhs.elementPtr(k)[i] evaluates to -0.20422005415633607,
exact evaluates to -0.20421869577455165, and
TOL_LOOSE evaluates to 9.9999999999999995e-07.
RHS mismatch at k=7 i=3

/home/j4s4/Documents/dgm/advection_1d/tests/test_operator.cpp:79: Failure
The difference between rhs.elementPtr(k)[i] and exact is 2.2168883171191922e-05, which exceeds TOL_LOOSE, where
rhs.elementPtr(k)[i] evaluates to -0.41020362225916734,
exact evaluates to -0.41018145337599615, and
TOL_LOOSE evaluates to 9.9999999999999995e-07.
RHS mismatch at k=8 i=1

/home/j4s4/Documents/dgm/advection_1d/tests/test_operator.cpp:79: Failure
The difference between rhs.elementPtr(k)[i] and exact is 2.0379898787892259e-05, which exceeds TOL_LOOSE, where
rhs.elementPtr(k)[i] evaluates to -0.58776487239368502,
exact evaluates to -0.58778525229247292, and
TOL_LOOSE evaluates to 9.9999999999999995e-07.
RHS mismatch at k=8 i=2

/home/j4s4/Documents/dgm/advection_1d/tests/test_operator.cpp:79: Failure
The difference between rhs.elementPtr(k)[i] and exact is 2.4366791069652116e-05, which exceeds TOL_LOOSE, where
rhs.elementPtr(k)[i] evaluates to -0.74063861106846518,
exact evaluates to -0.74061424427739553, and
TOL_LOOSE evaluates to 9.9999999999999995e-07.
RHS mismatch at k=8 i=3

/home/j4s4/Documents/dgm/advection_1d/tests/test_operator.cpp:79: Failure
The difference between rhs.elementPtr(k)[i] and exact is 3.7228388247600996e-05, which exceeds TOL_LOOSE, where
rhs.elementPtr(k)[i] evaluates to -0.86794345727999167,
exact evaluates to -0.86790622889174407, and
TOL_LOOSE evaluates to 9.9999999999999995e-07.
RHS mismatch at k=9 i=1

/home/j4s4/Documents/dgm/advection_1d/tests/test_operator.cpp:79: Failure
The difference between rhs.elementPtr(k)[i] and exact is 3.2975368927545823e-05, which exceeds TOL_LOOSE, where
rhs.elementPtr(k)[i] evaluates to -0.95102354092622599,
exact evaluates to -0.95105651629515353, and
TOL_LOOSE evaluates to 9.9999999999999995e-07.
RHS mismatch at k=9 i=2

/home/j4s4/Documents/dgm/advection_1d/tests/test_operator.cpp:79: Failure
The difference between rhs.elementPtr(k)[i] and exact is 3.8067914359896093e-05, which exceeds TOL_LOOSE, where
rhs.elementPtr(k)[i] evaluates to -0.99415839193295164,
exact evaluates to -0.99412032401859174, and
TOL_LOOSE evaluates to 9.9999999999999995e-07.
RHS mismatch at k=9 i=3

[  FAILED  ] OperatorTest.RHSMatchesExactDerivativeForSmoothSolution (1 ms)
[----------] 1 test from OperatorTest (1 ms total)

[----------] Global test environment tear-down
[==========] 1 test from 1 test suite ran. (1 ms total)
[  PASSED  ] 0 tests.
[  FAILED  ] 1 test, listed below:
[  FAILED  ] OperatorTest.RHSMatchesExactDerivativeForSmoothSolution

 1 FAILED TEST
<end of output>
Test time =   0.00 sec
----------------------------------------------------------
Test Failed.
"OperatorTest.RHSMatchesExactDerivativeForSmoothSolution" end time: Apr 19 10:51 CEST
"OperatorTest.RHSMatchesExactDerivativeForSmoothSolution" time elapsed: 00:00:00
----------------------------------------------------------

42/44 Testing: ERKTest.ExponentialDecay
42/44 Test: ERKTest.ExponentialDecay
Command: "/home/j4s4/Documents/dgm/advection_1d/debug/tests/test_integration" "--gtest_filter=ERKTest.ExponentialDecay" "--gtest_also_run_disabled_tests"
Directory: /home/j4s4/Documents/dgm/advection_1d
"ERKTest.ExponentialDecay" start time: Apr 19 10:51 CEST
Output:
----------------------------------------------------------
Running main() from /home/j4s4/Documents/dgm/advection_1d/debug/_deps/googletest-src/googletest/src/gtest_main.cc
Note: Google Test filter = ERKTest.ExponentialDecay
[==========] Running 1 test from 1 test suite.
[----------] Global test environment set-up.
[----------] 1 test from ERKTest
[ RUN      ] ERKTest.ExponentialDecay
[       OK ] ERKTest.ExponentialDecay (0 ms)
[----------] 1 test from ERKTest (0 ms total)

[----------] Global test environment tear-down
[==========] 1 test from 1 test suite ran. (0 ms total)
[  PASSED  ] 1 test.
<end of output>
Test time =   0.00 sec
----------------------------------------------------------
Test Passed.
"ERKTest.ExponentialDecay" end time: Apr 19 10:51 CEST
"ERKTest.ExponentialDecay" time elapsed: 00:00:00
----------------------------------------------------------

43/44 Testing: LSERKTest.ExponentialDecay
43/44 Test: LSERKTest.ExponentialDecay
Command: "/home/j4s4/Documents/dgm/advection_1d/debug/tests/test_integration" "--gtest_filter=LSERKTest.ExponentialDecay" "--gtest_also_run_disabled_tests"
Directory: /home/j4s4/Documents/dgm/advection_1d
"LSERKTest.ExponentialDecay" start time: Apr 19 10:51 CEST
Output:
----------------------------------------------------------
Running main() from /home/j4s4/Documents/dgm/advection_1d/debug/_deps/googletest-src/googletest/src/gtest_main.cc
Note: Google Test filter = LSERKTest.ExponentialDecay
[==========] Running 1 test from 1 test suite.
[----------] Global test environment set-up.
[----------] 1 test from LSERKTest
[ RUN      ] LSERKTest.ExponentialDecay
[       OK ] LSERKTest.ExponentialDecay (0 ms)
[----------] 1 test from LSERKTest (0 ms total)

[----------] Global test environment tear-down
[==========] 1 test from 1 test suite ran. (0 ms total)
[  PASSED  ] 1 test.
<end of output>
Test time =   0.00 sec
----------------------------------------------------------
Test Passed.
"LSERKTest.ExponentialDecay" end time: Apr 19 10:51 CEST
"LSERKTest.ExponentialDecay" time elapsed: 00:00:00
----------------------------------------------------------

44/44 Testing: SSPRKTest.ExponentialDecay
44/44 Test: SSPRKTest.ExponentialDecay
Command: "/home/j4s4/Documents/dgm/advection_1d/debug/tests/test_integration" "--gtest_filter=SSPRKTest.ExponentialDecay" "--gtest_also_run_disabled_tests"
Directory: /home/j4s4/Documents/dgm/advection_1d
"SSPRKTest.ExponentialDecay" start time: Apr 19 10:51 CEST
Output:
----------------------------------------------------------
Running main() from /home/j4s4/Documents/dgm/advection_1d/debug/_deps/googletest-src/googletest/src/gtest_main.cc
Note: Google Test filter = SSPRKTest.ExponentialDecay
[==========] Running 1 test from 1 test suite.
[----------] Global test environment set-up.
[----------] 1 test from SSPRKTest
[ RUN      ] SSPRKTest.ExponentialDecay
[       OK ] SSPRKTest.ExponentialDecay (0 ms)
[----------] 1 test from SSPRKTest (0 ms total)

[----------] Global test environment tear-down
[==========] 1 test from 1 test suite ran. (0 ms total)
[  PASSED  ] 1 test.
<end of output>
Test time =   0.00 sec
----------------------------------------------------------
Test Passed.
"SSPRKTest.ExponentialDecay" end time: Apr 19 10:51 CEST
"SSPRKTest.ExponentialDecay" time elapsed: 00:00:00
----------------------------------------------------------

End testing: Apr 19 10:51 CEST
